<?xml version="1.0" encoding="UTF-8"?>
<!-- Generated by org.testng.reporters.JUnitReportReporter -->
<testsuite hostname="DESKTOP-B2ALU88" failures="0" tests="1" name="com.qa.fifa.SearchTest" time="10.622" errors="0" timestamp="2022-12-04T11:55:01 EST" skipped="0">
  <testcase classname="com.qa.fifa.SearchTest" name="validateSearch" time="10.622"/>
  <system-out/>
</testsuite> <!-- com.qa.fifa.SearchTest -->
